2022-05-31 12:12:45.062 [main] INFO  com.example.demo.logIn - application Start
2022-05-31 12:12:45.084 [JavaFX Application Thread] INFO  com.example.demo.logIn - logging page Loaded
2022-05-31 12:12:45.464 [JavaFX Application Thread] INFO  com.example.demo.logIn - new captcha set
2022-05-31 12:13:19.856 [JavaFX Application Thread] INFO  com.example.demo.logIn - change password page loaded
2022-05-31 12:13:26.575 [JavaFX Application Thread] INFO  com.example.demo.logIn - main page of Student : behrad loaded
2022-05-31 12:13:26.576 [JavaFX Application Thread] INFO  com.example.demo.logIn - Student : behrad password Changed successfully
2022-05-31 12:13:42.746 [JavaFX Application Thread] INFO  com.example.demo.logIn - logging page Loaded
2022-05-31 12:13:42.893 [JavaFX Application Thread] INFO  com.example.demo.logIn - new captcha set
2022-05-31 12:13:51.928 [JavaFX Application Thread] INFO  com.example.demo.logIn - main page for professor : aryan loaded
2022-05-31 12:13:55.474 [JavaFX Application Thread] INFO  com.example.demo.logIn - professor ListView updated
2022-05-31 12:13:55.475 [JavaFX Application Thread] INFO  com.example.demo.logIn - professor list page loaded
2022-05-31 12:14:10.989 [JavaFX Application Thread] INFO  com.example.demo.logIn - edit page for Professor : logic.Professor@6543a04b loaded
2022-05-31 12:14:42.144 [JavaFX Application Thread] INFO  com.example.demo.logIn - main page for professor : aryan loaded
2022-05-31 12:14:44.828 [JavaFX Application Thread] INFO  com.example.demo.logIn - course list updated
2022-05-31 12:14:44.829 [JavaFX Application Thread] INFO  com.example.demo.logIn - course list page loaded
2022-05-31 12:14:57.469 [JavaFX Application Thread] INFO  com.example.demo.logIn - main page for professor : aryan loaded
2022-05-31 12:14:58.328 [JavaFX Application Thread] INFO  com.example.demo.logIn - logging page Loaded
2022-05-31 12:14:58.450 [JavaFX Application Thread] INFO  com.example.demo.logIn - new captcha set
2022-05-31 12:15:05.339 [JavaFX Application Thread] INFO  com.example.demo.logIn - main page for professor : elahe loaded
2022-05-31 12:15:07.468 [JavaFX Application Thread] INFO  com.example.demo.logIn - course list updated
2022-05-31 12:15:07.470 [JavaFX Application Thread] INFO  com.example.demo.logIn - course list page loaded
2022-05-31 12:15:12.889 [JavaFX Application Thread] INFO  com.example.demo.logIn - create course page loaded
2022-05-31 12:16:36.164 [JavaFX Application Thread] INFO  com.example.demo.logIn - course : DS added to courses
2022-05-31 12:16:36.207 [JavaFX Application Thread] INFO  com.example.demo.logIn - main page for professor : elahe loaded
2022-05-31 12:16:40.712 [JavaFX Application Thread] INFO  com.example.demo.logIn - course list updated
2022-05-31 12:16:40.713 [JavaFX Application Thread] INFO  com.example.demo.logIn - course list page loaded
2022-05-31 12:16:51.500 [JavaFX Application Thread] INFO  com.example.demo.logIn - main page for professor : elahe loaded
2022-05-31 12:16:52.358 [JavaFX Application Thread] INFO  com.example.demo.logIn - logging page Loaded
2022-05-31 12:16:52.415 [JavaFX Application Thread] INFO  com.example.demo.logIn - new captcha set
2022-05-31 12:17:02.704 [JavaFX Application Thread] INFO  com.example.demo.logIn - change password page loaded
2022-05-31 12:17:16.663 [JavaFX Application Thread] INFO  com.example.demo.logIn - main page of Student : sina loaded
2022-05-31 12:17:16.663 [JavaFX Application Thread] INFO  com.example.demo.logIn - Student : sina password Changed successfully
2022-05-31 12:17:25.115 [JavaFX Application Thread] INFO  com.example.demo.logIn - weekly schedule page loaded
2022-05-31 12:17:26.110 [JavaFX Application Thread] INFO  com.example.demo.logIn - show Saturday Schedule
2022-05-31 12:17:35.601 [JavaFX Application Thread] INFO  com.example.demo.logIn - show Sunday Schedule
2022-05-31 12:17:36.348 [JavaFX Application Thread] INFO  com.example.demo.logIn - show monday Schedule
2022-05-31 12:17:38.431 [JavaFX Application Thread] INFO  com.example.demo.logIn - show Saturday Schedule
2022-05-31 12:17:44.032 [JavaFX Application Thread] INFO  com.example.demo.logIn - show Sunday Schedule
2022-05-31 12:17:45.609 [JavaFX Application Thread] INFO  com.example.demo.logIn - show monday Schedule
2022-05-31 12:17:54.175 [JavaFX Application Thread] INFO  com.example.demo.logIn - show Tuesday Schedule
2022-05-31 12:17:54.998 [JavaFX Application Thread] INFO  com.example.demo.logIn - show wednesday Schedule
2022-05-31 12:17:57.833 [JavaFX Application Thread] INFO  com.example.demo.logIn - show thursday Schedule
2022-05-31 12:18:00.421 [JavaFX Application Thread] INFO  com.example.demo.logIn - show friday Schedule
2022-05-31 12:18:02.681 [JavaFX Application Thread] INFO  com.example.demo.logIn - main page of Student : sina loaded
2022-05-31 12:18:05.311 [JavaFX Application Thread] INFO  com.example.demo.logIn - exam list page loaded
2022-05-31 12:18:14.671 [JavaFX Application Thread] INFO  com.example.demo.logIn - main page of Student : sina loaded
2022-05-31 12:18:17.850 [JavaFX Application Thread] INFO  com.example.demo.logIn - Recommendation Page loaded
2022-05-31 12:18:25.053 [JavaFX Application Thread] INFO  com.example.demo.logIn - new recom recorded for student : sina professor : elahe
2022-05-31 12:18:27.155 [JavaFX Application Thread] INFO  com.example.demo.logIn - main page of Student : sina loaded
2022-05-31 12:18:28.035 [JavaFX Application Thread] INFO  com.example.demo.logIn - logging page Loaded
2022-05-31 12:18:28.144 [JavaFX Application Thread] INFO  com.example.demo.logIn - new captcha set
2022-05-31 12:18:36.334 [JavaFX Application Thread] INFO  com.example.demo.logIn - main page for professor : elahe loaded
2022-05-31 12:18:39.047 [JavaFX Application Thread] INFO  com.example.demo.logIn - recommendation requests list page loaded
2022-05-31 12:18:48.906 [JavaFX Application Thread] INFO  com.example.demo.logIn - recom for student : sina sent
2022-05-31 12:18:49.647 [JavaFX Application Thread] INFO  com.example.demo.logIn - main page for professor : elahe loaded
2022-05-31 12:18:50.976 [JavaFX Application Thread] INFO  com.example.demo.logIn - logging page Loaded
2022-05-31 12:18:51.088 [JavaFX Application Thread] INFO  com.example.demo.logIn - new captcha set
2022-05-31 12:18:58.328 [JavaFX Application Thread] INFO  com.example.demo.logIn - change password page loaded
2022-05-31 12:19:03.687 [JavaFX Application Thread] INFO  com.example.demo.logIn - main page of Student : sina loaded
2022-05-31 12:19:03.688 [JavaFX Application Thread] INFO  com.example.demo.logIn - Student : sina password Changed successfully
2022-05-31 12:19:08.363 [JavaFX Application Thread] INFO  com.example.demo.logIn - Recommendation Page loaded
